2025-03-22 08:02:10.784 [info] [main] Log level: Info
2025-03-22 08:02:10.784 [info] [main] Validating found git in: "git"
2025-03-22 08:02:10.784 [info] [main] Using git "2.43.0" from "git"
2025-03-22 08:02:10.784 [info] [Model][doInitialScan] Initial repository scan started
2025-03-22 08:02:10.784 [info] > git rev-parse --show-toplevel [4ms]
2025-03-22 08:02:10.784 [info] > git rev-parse --git-dir --git-common-dir [5ms]
2025-03-22 08:02:10.784 [info] [Model][openRepository] Opened repository: /home/priyasirohi502/yoga-poses-recommender-python
2025-03-22 08:02:10.784 [info] > git rev-parse --show-toplevel [4ms]
2025-03-22 08:02:10.784 [info] > git config --get commit.template [13ms]
2025-03-22 08:02:10.784 [info] > git rev-parse --show-toplevel [20ms]
2025-03-22 08:02:10.784 [info] > git for-each-ref --format=%(refname)%00%(upstream:short)%00%(objectname)%00%(upstream:track)%00%(upstream:remotename)%00%(upstream:remoteref) refs/heads/main refs/remotes/main [11ms]
2025-03-22 08:02:10.784 [warning] [Git][revParse] Unable to read file: ENOENT: no such file or directory, open '/home/priyasirohi502/yoga-poses-recommender-python/.git/refs/remotes/origin/main'
2025-03-22 08:02:10.784 [info] > git rev-parse --show-toplevel [10ms]
2025-03-22 08:02:10.784 [info] [Model][doInitialScan] Initial repository scan completed - repositories (1), closed repositories (0), parent repositories (0), unsafe repositories (0)
2025-03-22 08:02:10.784 [info] > git rev-parse refs/remotes/origin/main [2ms]
2025-03-22 08:02:10.784 [info] > git status -z -uall [11ms]
2025-03-22 08:02:10.784 [info] > git for-each-ref --sort -committerdate --format %(refname) %(objectname) %(*objectname) [7ms]
2025-03-22 08:02:10.784 [info] > git for-each-ref --format=%(refname)%00%(upstream:short)%00%(objectname)%00%(upstream:track)%00%(upstream:remotename)%00%(upstream:remoteref) refs/heads/main refs/remotes/main [8ms]
2025-03-22 08:02:10.784 [info] > git config --get commit.template [12ms]
2025-03-22 08:02:10.784 [info] > git config --local branch.main.vscode-merge-base [6ms]
2025-03-22 08:02:10.784 [warning] [Git][config] git config failed: Failed to execute git
2025-03-22 08:02:10.784 [info] > git for-each-ref --format=%(refname)%00%(upstream:short)%00%(objectname)%00%(upstream:track)%00%(upstream:remotename)%00%(upstream:remoteref) refs/heads/main refs/remotes/main [90ms]
2025-03-22 08:02:10.784 [info] > git reflog main --grep-reflog=branch: Created from *. [93ms]
2025-03-22 08:02:10.784 [warning] [Git][revParse] Unable to read file: ENOENT: no such file or directory, open '/home/priyasirohi502/yoga-poses-recommender-python/.git/refs/remotes/origin/main'
2025-03-22 08:02:10.784 [info] > git rev-parse refs/remotes/origin/main [6ms]
2025-03-22 08:02:10.784 [info] > git symbolic-ref --short refs/remotes/origin/HEAD [39ms]
2025-03-22 08:02:10.784 [info] > git status -z -uall [14ms]
2025-03-22 08:02:10.784 [info] > git for-each-ref --sort -committerdate --format %(refname) %(objectname) %(*objectname) [10ms]
2025-03-22 08:02:10.785 [info] > git for-each-ref --format=%(refname)%00%(upstream:short)%00%(objectname)%00%(upstream:track)%00%(upstream:remotename)%00%(upstream:remoteref) refs/heads/main refs/remotes/main [6ms]
2025-03-22 08:02:10.789 [info] > git for-each-ref --format=%(refname)%00%(upstream:short)%00%(objectname)%00%(upstream:track)%00%(upstream:remotename)%00%(upstream:remoteref) refs/heads/origin/main refs/remotes/origin/main [19ms]
2025-03-22 08:02:10.795 [info] > git config --local branch.main.vscode-merge-base [6ms]
2025-03-22 08:02:10.795 [warning] [Git][config] git config failed: Failed to execute git
2025-03-22 08:02:10.802 [info] > git config --local branch.main.vscode-merge-base origin/main [9ms]
2025-03-22 08:02:10.809 [info] > git reflog main --grep-reflog=branch: Created from *. [9ms]
2025-03-22 08:02:10.813 [info] > git config --get commit.template [6ms]
2025-03-22 08:02:10.819 [info] > git symbolic-ref --short refs/remotes/origin/HEAD [7ms]
2025-03-22 08:02:10.823 [info] > git for-each-ref --format=%(refname)%00%(upstream:short)%00%(objectname)%00%(upstream:track)%00%(upstream:remotename)%00%(upstream:remoteref) refs/heads/main refs/remotes/main [6ms]
2025-03-22 08:02:10.828 [warning] [Git][revParse] Unable to read file: ENOENT: no such file or directory, open '/home/priyasirohi502/yoga-poses-recommender-python/.git/refs/remotes/origin/main'
2025-03-22 08:02:10.833 [info] > git for-each-ref --format=%(refname)%00%(upstream:short)%00%(objectname)%00%(upstream:track)%00%(upstream:remotename)%00%(upstream:remoteref) refs/heads/origin/main refs/remotes/origin/main [11ms]
2025-03-22 08:02:10.841 [info] > git config --local branch.main.vscode-merge-base origin/main [3ms]
2025-03-22 08:02:10.842 [info] > git rev-parse refs/remotes/origin/main [15ms]
2025-03-22 08:02:10.908 [info] > git merge-base refs/heads/main refs/remotes/origin/main [57ms]
2025-03-22 08:02:10.913 [info] > git for-each-ref --format=%(refname)%00%(upstream:short)%00%(objectname)%00%(upstream:track)%00%(upstream:remotename)%00%(upstream:remoteref) refs/heads/main refs/remotes/main [67ms]
2025-03-22 08:02:10.994 [info] > git diff --name-status -z --diff-filter=ADMR 035d8c76d248faedc330c2d838f1d3f2ed226f78...refs/remotes/origin/main [81ms]
2025-03-22 08:02:10.996 [info] > git config --get commit.template [97ms]
2025-03-22 08:02:11.002 [info] > git config --local branch.main.vscode-merge-base [85ms]
2025-03-22 08:02:11.026 [info] > git for-each-ref --format=%(refname)%00%(upstream:short)%00%(objectname)%00%(upstream:track)%00%(upstream:remotename)%00%(upstream:remoteref) refs/heads/origin/main refs/remotes/origin/main [14ms]
2025-03-22 08:02:11.029 [info] > git for-each-ref --format=%(refname)%00%(upstream:short)%00%(objectname)%00%(upstream:track)%00%(upstream:remotename)%00%(upstream:remoteref) refs/heads/main refs/remotes/main [7ms]
2025-03-22 08:02:11.035 [warning] [Git][revParse] Unable to read file: ENOENT: no such file or directory, open '/home/priyasirohi502/yoga-poses-recommender-python/.git/refs/remotes/origin/main'
2025-03-22 08:02:11.040 [info] > git rev-parse refs/remotes/origin/main [4ms]
2025-03-22 08:02:11.054 [info] > git status -z -uall [10ms]
2025-03-22 08:02:11.055 [info] > git for-each-ref --sort -committerdate --format %(refname) %(objectname) %(*objectname) [3ms]
2025-03-22 08:02:11.411 [info] > git check-ignore -v -z --stdin [2ms]
2025-03-22 08:02:23.010 [info] > git config --get commit.template [74ms]
2025-03-22 08:02:23.050 [info] > git for-each-ref --format=%(refname)%00%(upstream:short)%00%(objectname)%00%(upstream:track)%00%(upstream:remotename)%00%(upstream:remoteref) refs/heads/main refs/remotes/main [18ms]
2025-03-22 08:02:23.070 [warning] [Git][revParse] Unable to read file: ENOENT: no such file or directory, open '/home/priyasirohi502/yoga-poses-recommender-python/.git/refs/remotes/origin/main'
2025-03-22 08:02:23.092 [info] > git rev-parse refs/remotes/origin/main [23ms]
2025-03-22 08:02:23.150 [info] > git status -z -uall [36ms]
2025-03-22 08:02:23.162 [info] > git for-each-ref --sort -committerdate --format %(refname) %(objectname) %(*objectname) [11ms]
2025-03-22 08:03:53.388 [info] > git check-ignore -v -z --stdin [9ms]
2025-03-22 08:04:31.195 [info] > git show --textconv :config.template.yaml [21ms]
2025-03-22 08:04:31.196 [info] > git ls-files --stage -- /home/priyasirohi502/yoga-poses-recommender-python/config.template.yaml [10ms]
2025-03-22 08:04:31.210 [info] > git cat-file -s 337596aa89e2d8f45140425bbd1adba1835c6215 [6ms]
2025-03-22 08:05:23.907 [info] > git check-ignore -v -z --stdin [43ms]
2025-03-22 08:05:23.907 [info] > git show --textconv :config.yaml [24ms]
2025-03-22 08:05:23.909 [info] > git ls-files --stage -- /home/priyasirohi502/yoga-poses-recommender-python/config.yaml [19ms]
2025-03-22 08:05:24.104 [info] > git config --get commit.template [7ms]
2025-03-22 08:05:24.105 [info] > git for-each-ref --format=%(refname)%00%(upstream:short)%00%(objectname)%00%(upstream:track)%00%(upstream:remotename)%00%(upstream:remoteref) refs/heads/main refs/remotes/main [3ms]
2025-03-22 08:05:24.111 [warning] [Git][revParse] Unable to read file: ENOENT: no such file or directory, open '/home/priyasirohi502/yoga-poses-recommender-python/.git/refs/remotes/origin/main'
2025-03-22 08:05:24.113 [info] > git rev-parse refs/remotes/origin/main [2ms]
2025-03-22 08:05:24.130 [info] > git status -z -uall [10ms]
2025-03-22 08:05:24.134 [info] > git for-each-ref --sort -committerdate --format %(refname) %(objectname) %(*objectname) [6ms]
2025-03-22 08:06:12.612 [info] > git config --get commit.template [7ms]
2025-03-22 08:06:12.613 [info] > git for-each-ref --format=%(refname)%00%(upstream:short)%00%(objectname)%00%(upstream:track)%00%(upstream:remotename)%00%(upstream:remoteref) refs/heads/main refs/remotes/main [3ms]
2025-03-22 08:06:12.619 [warning] [Git][revParse] Unable to read file: ENOENT: no such file or directory, open '/home/priyasirohi502/yoga-poses-recommender-python/.git/refs/remotes/origin/main'
2025-03-22 08:06:12.621 [info] > git rev-parse refs/remotes/origin/main [2ms]
2025-03-22 08:06:12.636 [info] > git status -z -uall [9ms]
2025-03-22 08:06:12.638 [info] > git for-each-ref --sort -committerdate --format %(refname) %(objectname) %(*objectname) [3ms]
2025-03-22 08:06:27.317 [info] > git config --get commit.template [3ms]
2025-03-22 08:06:27.325 [info] > git for-each-ref --format=%(refname)%00%(upstream:short)%00%(objectname)%00%(upstream:track)%00%(upstream:remotename)%00%(upstream:remoteref) refs/heads/main refs/remotes/main [2ms]
2025-03-22 08:06:27.331 [warning] [Git][revParse] Unable to read file: ENOENT: no such file or directory, open '/home/priyasirohi502/yoga-poses-recommender-python/.git/refs/remotes/origin/main'
2025-03-22 08:06:27.334 [info] > git rev-parse refs/remotes/origin/main [3ms]
2025-03-22 08:06:27.349 [info] > git status -z -uall [9ms]
2025-03-22 08:06:27.352 [info] > git for-each-ref --sort -committerdate --format %(refname) %(objectname) %(*objectname) [3ms]
2025-03-22 08:12:19.313 [info] > git config --get commit.template [6ms]
2025-03-22 08:12:19.331 [info] > git for-each-ref --format=%(refname)%00%(upstream:short)%00%(objectname)%00%(upstream:track)%00%(upstream:remotename)%00%(upstream:remoteref) refs/heads/main refs/remotes/main [7ms]
2025-03-22 08:12:19.340 [warning] [Git][revParse] Unable to read file: ENOENT: no such file or directory, open '/home/priyasirohi502/yoga-poses-recommender-python/.git/refs/remotes/origin/main'
2025-03-22 08:12:19.347 [info] > git rev-parse refs/remotes/origin/main [6ms]
2025-03-22 08:12:19.377 [info] > git status -z -uall [21ms]
2025-03-22 08:12:19.379 [info] > git for-each-ref --sort -committerdate --format %(refname) %(objectname) %(*objectname) [7ms]
2025-03-22 08:12:19.891 [info] > git check-ignore -v -z --stdin [5ms]
2025-03-22 08:12:25.015 [info] > git config --get commit.template [7ms]
2025-03-22 08:12:25.028 [info] > git for-each-ref --format=%(refname)%00%(upstream:short)%00%(objectname)%00%(upstream:track)%00%(upstream:remotename)%00%(upstream:remoteref) refs/heads/main refs/remotes/main [4ms]
2025-03-22 08:12:25.036 [warning] [Git][revParse] Unable to read file: ENOENT: no such file or directory, open '/home/priyasirohi502/yoga-poses-recommender-python/.git/refs/remotes/origin/main'
2025-03-22 08:12:25.039 [info] > git rev-parse refs/remotes/origin/main [3ms]
2025-03-22 08:12:25.066 [info] > git status -z -uall [17ms]
2025-03-22 08:12:25.069 [info] > git for-each-ref --sort -committerdate --format %(refname) %(objectname) %(*objectname) [6ms]
2025-03-22 08:12:30.098 [info] > git config --get commit.template [10ms]
2025-03-22 08:12:30.100 [info] > git for-each-ref --format=%(refname)%00%(upstream:short)%00%(objectname)%00%(upstream:track)%00%(upstream:remotename)%00%(upstream:remoteref) refs/heads/main refs/remotes/main [3ms]
2025-03-22 08:12:30.109 [warning] [Git][revParse] Unable to read file: ENOENT: no such file or directory, open '/home/priyasirohi502/yoga-poses-recommender-python/.git/refs/remotes/origin/main'
2025-03-22 08:12:30.112 [info] > git rev-parse refs/remotes/origin/main [4ms]
2025-03-22 08:12:30.142 [info] > git status -z -uall [17ms]
2025-03-22 08:12:30.145 [info] > git for-each-ref --sort -committerdate --format %(refname) %(objectname) %(*objectname) [6ms]
2025-03-22 08:12:41.500 [info] > git config --get commit.template [5ms]
2025-03-22 08:12:41.535 [info] > git for-each-ref --format=%(refname)%00%(upstream:short)%00%(objectname)%00%(upstream:track)%00%(upstream:remotename)%00%(upstream:remoteref) refs/heads/main refs/remotes/main [1ms]
2025-03-22 08:12:41.560 [warning] [Git][revParse] Unable to read file: ENOENT: no such file or directory, open '/home/priyasirohi502/yoga-poses-recommender-python/.git/refs/remotes/origin/main'
2025-03-22 08:12:41.564 [info] > git rev-parse refs/remotes/origin/main [5ms]
2025-03-22 08:12:41.613 [info] > git status -z -uall [29ms]
2025-03-22 08:12:41.623 [info] > git for-each-ref --sort -committerdate --format %(refname) %(objectname) %(*objectname) [12ms]
2025-03-22 08:12:48.321 [info] > git config --get commit.template [1ms]
2025-03-22 08:12:48.334 [info] > git for-each-ref --format=%(refname)%00%(upstream:short)%00%(objectname)%00%(upstream:track)%00%(upstream:remotename)%00%(upstream:remoteref) refs/heads/main refs/remotes/main [4ms]
2025-03-22 08:12:48.346 [warning] [Git][revParse] Unable to read file: ENOENT: no such file or directory, open '/home/priyasirohi502/yoga-poses-recommender-python/.git/refs/remotes/origin/main'
2025-03-22 08:12:48.349 [info] > git rev-parse refs/remotes/origin/main [3ms]
2025-03-22 08:12:48.380 [info] > git status -z -uall [22ms]
2025-03-22 08:12:48.380 [info] > git for-each-ref --sort -committerdate --format %(refname) %(objectname) %(*objectname) [6ms]
2025-03-22 08:12:53.410 [info] > git config --get commit.template [13ms]
2025-03-22 08:12:53.412 [info] > git for-each-ref --format=%(refname)%00%(upstream:short)%00%(objectname)%00%(upstream:track)%00%(upstream:remotename)%00%(upstream:remoteref) refs/heads/main refs/remotes/main [5ms]
2025-03-22 08:12:53.421 [warning] [Git][revParse] Unable to read file: ENOENT: no such file or directory, open '/home/priyasirohi502/yoga-poses-recommender-python/.git/refs/remotes/origin/main'
2025-03-22 08:12:53.425 [info] > git rev-parse refs/remotes/origin/main [5ms]
2025-03-22 08:12:53.451 [info] > git status -z -uall [18ms]
2025-03-22 08:12:53.455 [info] > git for-each-ref --sort -committerdate --format %(refname) %(objectname) %(*objectname) [8ms]
2025-03-22 08:13:01.872 [info] > git config --get commit.template [13ms]
2025-03-22 08:13:01.875 [info] > git for-each-ref --format=%(refname)%00%(upstream:short)%00%(objectname)%00%(upstream:track)%00%(upstream:remotename)%00%(upstream:remoteref) refs/heads/main refs/remotes/main [5ms]
2025-03-22 08:13:01.883 [warning] [Git][revParse] Unable to read file: ENOENT: no such file or directory, open '/home/priyasirohi502/yoga-poses-recommender-python/.git/refs/remotes/origin/main'
2025-03-22 08:13:01.886 [info] > git rev-parse refs/remotes/origin/main [3ms]
2025-03-22 08:13:01.917 [info] > git status -z -uall [23ms]
2025-03-22 08:13:01.922 [info] > git for-each-ref --sort -committerdate --format %(refname) %(objectname) %(*objectname) [7ms]
2025-03-22 08:13:06.954 [info] > git config --get commit.template [15ms]
2025-03-22 08:13:06.957 [info] > git for-each-ref --format=%(refname)%00%(upstream:short)%00%(objectname)%00%(upstream:track)%00%(upstream:remotename)%00%(upstream:remoteref) refs/heads/main refs/remotes/main [4ms]
2025-03-22 08:13:06.966 [warning] [Git][revParse] Unable to read file: ENOENT: no such file or directory, open '/home/priyasirohi502/yoga-poses-recommender-python/.git/refs/remotes/origin/main'
2025-03-22 08:13:06.967 [info] > git rev-parse refs/remotes/origin/main [1ms]
2025-03-22 08:13:06.991 [info] > git status -z -uall [16ms]
2025-03-22 08:13:06.996 [info] > git for-each-ref --sort -committerdate --format %(refname) %(objectname) %(*objectname) [5ms]
2025-03-22 08:13:16.270 [info] > git config --get commit.template [11ms]
2025-03-22 08:13:16.274 [info] > git for-each-ref --format=%(refname)%00%(upstream:short)%00%(objectname)%00%(upstream:track)%00%(upstream:remotename)%00%(upstream:remoteref) refs/heads/main refs/remotes/main [5ms]
2025-03-22 08:13:16.282 [warning] [Git][revParse] Unable to read file: ENOENT: no such file or directory, open '/home/priyasirohi502/yoga-poses-recommender-python/.git/refs/remotes/origin/main'
2025-03-22 08:13:16.285 [info] > git rev-parse refs/remotes/origin/main [3ms]
2025-03-22 08:13:16.317 [info] > git status -z -uall [20ms]
2025-03-22 08:13:16.320 [info] > git for-each-ref --sort -committerdate --format %(refname) %(objectname) %(*objectname) [5ms]
